[BEGIN]
**************

CUSTOMER LOT ID     : AB0000AC1
TEST SITE    : 1

TEST STAGE   : MT3

Test FLOW   : M3+1

TEST START     : 2020/02/04_01:01:01
*********************

[ONETEST]
TEST_TXT : AAA_TEST
PATTERN : 
RESULT :0x1
P_F    :P
TEST_TIME : 15200
[ONETEST END]

[ONETEST]
TEST_TXT : BBB_TEST
PATTERN : 
RESULT :0x1
P_F    :P
TEST_TIME : 14800
[ONETEST END]

[CHIPINFO]
SOFT_BIN: 1000
P_F     :P
TEST_TIME   :31.9s
TEST_START  :2020/02/04_01:01:01
DIEID_STR   : 8ECF 4E52 7D62 7248
DIEID_NAME   : DIE_8ECF4E52
DIEID_LOT   : AB0000
DIEID_WAFER : 12
DIEID_X   : 86
DIEID_Y : 89
DIEID_STR   : 8E30 4E52 7D62 7248
DIEID_NAME   : DIE_8E304E52_ALT
DIEID_LOT   : AB0000
DIEID_WAFER : 5
DIEID_X   : 79
DIEID_Y : 53
[CHIP END]
