[BEGIN]
**************

CUSTOMER LOT ID     : AB0000AC1
TEST SITE    : 2

TEST STAGE   : MT3

Test FLOW   : M3+1

TEST START     : 2020/02/04_01:01:01
*********************

[ONETEST]
TEST_TXT : AAA_TEST
PATTERN : 
RESULT :0x1
P_F    :P
TEST_TIME : 15200
[ONETEST END]

[ONETEST]
TEST_TXT : BBB_TEST
PATTERN : 
RESULT :0x1
P_F    :P
TEST_TIME : 14800
[ONETEST END]

[CHIPINFO]
SOFT_BIN: 1000
P_F     :P
TEST_TIME   :42.0s
TEST_START  :2020/02/04_01:01:01
DIEID_STR   : BA17 59DC 7F0F 889A
DIEID_NAME   : DIE_BA1759DC
DIEID_LOT   : AB0000
DIEID_WAFER : 11
DIEID_X   : 85
DIEID_Y : 0
[CHIP END]
