[BEGIN]
**************

CUSTOMER LOT ID     : AB0000AC1
TEST SITE    : 2

TEST STAGE   : MT3

Test FLOW   : M3+1

TEST START     : 2020/02/04_01:01:01
*********************

[ONETEST]
TEST_TXT : AAA_TEST
PATTERN : 
RESULT :0x1
P_F    :P
TEST_TIME : 15200
[ONETEST END]

[ONETEST]
TEST_TXT : BBB_TEST
PATTERN : 
RESULT :0x1
P_F    :P
TEST_TIME : 14800
[ONETEST END]

[CHIPINFO]
SOFT_BIN: 1000
P_F     :P
TEST_TIME   :42.8s
TEST_START  :2020/02/04_01:01:01
DIEID_STR   : 1C2C 3789 92E6 6B9D
DIEID_NAME   : DIE_1C2C3789
DIEID_LOT   : AB0000
DIEID_WAFER : 2
DIEID_X   : 26
DIEID_Y : 43
[CHIP END]
