[BEGIN]
**************

CUSTOMER LOT ID     : AB0000AC1
TEST SITE    : 1

TEST STAGE   : MT3

Test FLOW   : M3+1

TEST START     : 2020/02/04_01:01:01
*********************

[ONETEST]
TEST_TXT : AAA_TEST
PATTERN : 
RESULT :0x1
P_F    :P
TEST_TIME : 15200
[ONETEST END]

[ONETEST]
TEST_TXT : BBB_TEST
PATTERN : 
RESULT :0xFA1
P_F    :F
TEST_TIME : 14800
[ONETEST END]

[CHIPINFO]
SOFT_BIN: 1212
P_F     :F
TEST_TIME   :33.3s
TEST_START  :2020/02/04_01:01:01
DIEID_STR   : 7650 6F23 D06A 617D
DIEID_NAME   : DIE_76506F23
DIEID_LOT   : AB0000
DIEID_WAFER : 17
DIEID_X   : 66
DIEID_Y : 23
DIEID_STR   : 76AF 6F23 D06A 617D
DIEID_NAME   : DIE_76AF6F23_ALT
DIEID_LOT   : AB0000
DIEID_WAFER : 5
DIEID_X   : 29
DIEID_Y : 47
[CHIP END]
