[BEGIN]
**************

CUSTOMER LOT ID     : AB0000AC1
TEST SITE    : 1

TEST STAGE   : MT3

Test FLOW   : M3+1

TEST START     : 2020/02/04_01:01:01
*********************

[ONETEST]
TEST_TXT : AAA_TEST
PATTERN : 
RESULT :0x1
P_F    :P
TEST_TIME : 15200
[ONETEST END]

[ONETEST]
TEST_TXT : BBB_TEST
PATTERN : 
RESULT :0x1
P_F    :P
TEST_TIME : 14800
[ONETEST END]

[CHIPINFO]
SOFT_BIN: 1000
P_F     :P
TEST_TIME   :30.4s
TEST_START  :2020/02/04_01:01:01
DIEID_STR   : 9F67 A76E E729 3DF4
DIEID_NAME   : DIE_9F67A76E
DIEID_LOT   : AB0000
DIEID_WAFER : 17
DIEID_X   : 16
DIEID_Y : 28
[CHIP END]
