[BEGIN]
**************

CUSTOMER LOT ID     : AB0000AC1
TEST SITE    : 2

TEST STAGE   : MT3

Test FLOW   : M3+1

TEST START     : 2020/02/04_01:01:01
*********************

[ONETEST]
TEST_TXT : AAA_TEST
PATTERN : 
RESULT :0x1
P_F    :P
TEST_TIME : 15200
[ONETEST END]

[ONETEST]
TEST_TXT : BBB_TEST
PATTERN : 
RESULT :0x1
P_F    :P
TEST_TIME : 14800
[ONETEST END]

[CHIPINFO]
SOFT_BIN: 1000
P_F     :P
TEST_TIME   :61.7s
TEST_START  :2020/02/04_01:01:01
DIEID_STR   : 144E 855B 91E9 50C4
DIEID_NAME   : DIE_144E855B
DIEID_LOT   : AB0000
DIEID_WAFER : 8
DIEID_X   : 57
DIEID_Y : 38
DIEID_STR   : 14B1 855B 91E9 50C4
DIEID_NAME   : DIE_14B1855B_ALT
DIEID_LOT   : AB0000
DIEID_WAFER : 13
DIEID_X   : 62
DIEID_Y : 22
[CHIP END]
