[BEGIN]
**************

CUSTOMER LOT ID     : AB0000AC1
TEST SITE    : 1

TEST STAGE   : MT3

Test FLOW   : M3+1

TEST START     : 2020/02/04_01:01:01
*********************

[ONETEST]
TEST_TXT : AAA_TEST
PATTERN : 
RESULT :0x1
P_F    :P
TEST_TIME : 15200
[ONETEST END]

[ONETEST]
TEST_TXT : BBB_TEST
PATTERN : 
RESULT :0x1
P_F    :P
TEST_TIME : 14800
[ONETEST END]

[CHIPINFO]
SOFT_BIN: 1000
P_F     :P
TEST_TIME   :80.5s
TEST_START  :2020/02/04_01:01:01
DIEID_STR   : 79EC EA67 01A9 86DA
DIEID_NAME   : DIE_79ECEA67
DIEID_LOT   : AB0000
DIEID_WAFER : 22
DIEID_X   : 71
DIEID_Y : 49
[CHIP END]
