[BEGIN]
**************

CUSTOMER LOT ID     : AB0000AC1
TEST SITE    : 2

TEST STAGE   : MT3

Test FLOW   : M3+1

TEST START     : 2020/02/04_01:01:01
*********************

[ONETEST]
TEST_TXT : AAA_TEST
PATTERN : 
RESULT :0x1
P_F    :P
TEST_TIME : 15200
[ONETEST END]

[ONETEST]
TEST_TXT : BBB_TEST
PATTERN : 
RESULT :0x1
P_F    :P
TEST_TIME : 14800
[ONETEST END]

[CHIPINFO]
SOFT_BIN: 1000
P_F     :P
TEST_TIME   :70.3s
TEST_START  :2020/02/04_01:01:01
DIEID_STR   : 8936 1D64 D6A4 A1FB
DIEID_NAME   : DIE_89361D64
DIEID_LOT   : AB0000
DIEID_WAFER : 24
DIEID_X   : 73
DIEID_Y : 11
[CHIP END]
