[BEGIN]
**************

CUSTOMER LOT ID     : AB0000AC1
TEST SITE    : 1

TEST STAGE   : MT3

Test FLOW   : M3+1

TEST START     : 2020/02/04_01:01:01
*********************

[ONETEST]
TEST_TXT : AAA_TEST
PATTERN : 
RESULT :0x1
P_F    :P
TEST_TIME : 15200
[ONETEST END]

[ONETEST]
TEST_TXT : BBB_TEST
PATTERN : 
RESULT :0x1
P_F    :P
TEST_TIME : 14800
[ONETEST END]

[CHIPINFO]
SOFT_BIN: 1000
P_F     :P
TEST_TIME   :50.6s
TEST_START  :2020/02/04_01:01:01
DIEID_STR   : 1BA4 19F6 8E45 4F9B
DIEID_NAME   : DIE_1BA419F6
DIEID_LOT   : AB0000
DIEID_WAFER : 14
DIEID_X   : 63
DIEID_Y : 15
DIEID_STR   : 1B5B 19F6 8E45 4F9B
DIEID_NAME   : DIE_1B5B19F6_ALT
DIEID_LOT   : AB0000
DIEID_WAFER : 4
DIEID_X   : 53
DIEID_Y : 8
[CHIP END]
