[BEGIN]
**************

CUSTOMER LOT ID     : AB0000AC1
TEST SITE    : 1

TEST STAGE   : MT3

Test FLOW   : M3+1

TEST START     : 2020/02/04_01:01:01
*********************

[ONETEST]
TEST_TXT : AAA_TEST
PATTERN : 
RESULT :0x1
P_F    :P
TEST_TIME : 15200
[ONETEST END]

[ONETEST]
TEST_TXT : BBB_TEST
PATTERN : 
RESULT :0x1
P_F    :P
TEST_TIME : 14800
[ONETEST END]

[CHIPINFO]
SOFT_BIN: 1000
P_F     :P
TEST_TIME   :75.6s
TEST_START  :2020/02/04_01:01:01
DIEID_STR   : 774F 3373 1DA8 7B53
DIEID_NAME   : DIE_774F3373
DIEID_LOT   : AB0000
DIEID_WAFER : 16
DIEID_X   : 90
DIEID_Y : 54
DIEID_STR   : 77B0 3373 1DA8 7B53
DIEID_NAME   : DIE_77B03373_ALT
DIEID_LOT   : AB0000
DIEID_WAFER : 13
DIEID_X   : 12
DIEID_Y : 38
[CHIP END]
