[BEGIN]
**************

CUSTOMER LOT ID     : AB0000AC1
TEST SITE    : 2

TEST STAGE   : MT3

Test FLOW   : M3+1

TEST START     : 2020/02/04_01:01:01
*********************

[ONETEST]
TEST_TXT : AAA_TEST
PATTERN : 
RESULT :0x1
P_F    :P
TEST_TIME : 15200
[ONETEST END]

[ONETEST]
TEST_TXT : BBB_TEST
PATTERN : 
RESULT :0x1
P_F    :P
TEST_TIME : 14800
[ONETEST END]

[CHIPINFO]
SOFT_BIN: 1000
P_F     :P
TEST_TIME   :73.7s
TEST_START  :2020/02/04_01:01:01
DIEID_STR   : 22F1 79AA 3B0E 85BD
DIEID_NAME   : DIE_22F179AA
DIEID_LOT   : AB0000
DIEID_WAFER : 22
DIEID_X   : 46
DIEID_Y : 64
DIEID_STR   : 220E 79AA 3B0E 85BD
DIEID_NAME   : DIE_220E79AA_ALT
DIEID_LOT   : AB0000
DIEID_WAFER : 6
DIEID_X   : 5
DIEID_Y : 62
[CHIP END]
