[BEGIN]
**************

CUSTOMER LOT ID     : AB0000AC1
TEST SITE    : 2

TEST STAGE   : MT3

Test FLOW   : M3+1

TEST START     : 2020/02/04_01:01:01
*********************

[ONETEST]
TEST_TXT : AAA_TEST
PATTERN : 
RESULT :0x1
P_F    :P
TEST_TIME : 15200
[ONETEST END]

[ONETEST]
TEST_TXT : BBB_TEST
PATTERN : 
RESULT :0x1
P_F    :P
TEST_TIME : 14800
[ONETEST END]

[CHIPINFO]
SOFT_BIN: 1000
P_F     :P
TEST_TIME   :33.0s
TEST_START  :2020/02/04_01:01:01
DIEID_STR   : A4B0 311C 613A 97EA
DIEID_NAME   : DIE_A4B0311C
DIEID_LOT   : AB0000
DIEID_WAFER : 24
DIEID_X   : 23
DIEID_Y : 45
[CHIP END]
