[BEGIN]
**************

CUSTOMER LOT ID     : JZADIWHMZ
TEST SITE    : 1

TEST STAGE   : MT3

Test FLOW   : M3+1

TEST START     : 2020/02/09_01:01:01
*********************

[ONETEST]
TEST_TXT : AAA_TEST
PATTERN : 
RESULT :0x1
P_F    :P
TEST_TIME : 15200
[ONETEST END]

[ONETEST]
TEST_TXT : BBB_TEST
PATTERN : 
RESULT :0x1
P_F    :P
TEST_TIME : 14800
[ONETEST END]

[CHIPINFO]
SOFT_BIN: 1000
P_F     :P
TEST_TIME   :75.6s
TEST_START  :2020/02/09_01:01:01
DIEID_STR   : 46CE 7242 1DA8 7B53
DIEID_NAME   : DIE_46CE7242
DIEID_LOT   : JZADIW
DIEID_WAFER : 4
DIEID_X   : 53
DIEID_Y : 11
DIEID_STR   : 4631 7242 1DA8 7B53
DIEID_NAME   : DIE_46317242_ALT
DIEID_LOT   : JZADIW
DIEID_WAFER : 15
DIEID_X   : 64
DIEID_Y : 67
[CHIP END]
