[BEGIN]
**************

CUSTOMER LOT ID     : JZADIWHMZ
TEST SITE    : 2

TEST STAGE   : MT3

Test FLOW   : M3+1

TEST START     : 2020/02/09_01:01:01
*********************

[ONETEST]
TEST_TXT : AAA_TEST
PATTERN : 
RESULT :0x1
P_F    :P
TEST_TIME : 15200
[ONETEST END]

[ONETEST]
TEST_TXT : BBB_TEST
PATTERN : 
RESULT :0x1
P_F    :P
TEST_TIME : 14800
[ONETEST END]

[CHIPINFO]
SOFT_BIN: 1000
P_F     :P
TEST_TIME   :61.7s
TEST_START  :2020/02/09_01:01:01
DIEID_STR   : A880 FFE7 91E9 50C4
DIEID_NAME   : DIE_A880FFE7
DIEID_LOT   : JZADIW
DIEID_WAFER : 10
DIEID_X   : 9
DIEID_Y : 10
DIEID_STR   : A87F FFE7 91E9 50C4
DIEID_NAME   : DIE_A87FFFE7_ALT
DIEID_LOT   : JZADIW
DIEID_WAFER : 21
DIEID_X   : 70
DIEID_Y : 96
[CHIP END]
