[BEGIN]
**************

CUSTOMER LOT ID     : JZADIWHMZ
TEST SITE    : 1

TEST STAGE   : MT3

Test FLOW   : M3+1

TEST START     : 2020/02/09_01:01:01
*********************

[ONETEST]
TEST_TXT : AAA_TEST
PATTERN : 
RESULT :0x1
P_F    :P
TEST_TIME : 15200
[ONETEST END]

[ONETEST]
TEST_TXT : BBB_TEST
PATTERN : 
RESULT :0xFA1
P_F    :F
TEST_TIME : 14800
[ONETEST END]

[CHIPINFO]
SOFT_BIN: 1212
P_F     :F
TEST_TIME   :33.3s
TEST_START  :2020/02/09_01:01:01
DIEID_STR   : 2162 EA74 D06A 617D
DIEID_NAME   : DIE_2162EA74
DIEID_LOT   : JZADIW
DIEID_WAFER : 18
DIEID_X   : 67
DIEID_Y : 8
DIEID_STR   : 219D EA74 D06A 617D
DIEID_NAME   : DIE_219DEA74_ALT
DIEID_LOT   : JZADIW
DIEID_WAFER : 10
DIEID_X   : 84
DIEID_Y : 12
[CHIP END]
