[BEGIN]
**************

CUSTOMER LOT ID     : JZADIWHMZ
TEST SITE    : 1

TEST STAGE   : MT3

Test FLOW   : M3+1

TEST START     : 2020/02/09_01:01:01
*********************

[ONETEST]
TEST_TXT : AAA_TEST
PATTERN : 
RESULT :0x1
P_F    :P
TEST_TIME : 15200
[ONETEST END]

[ONETEST]
TEST_TXT : BBB_TEST
PATTERN : 
RESULT :0x1
P_F    :P
TEST_TIME : 14800
[ONETEST END]

[CHIPINFO]
SOFT_BIN: 1000
P_F     :P
TEST_TIME   :30.4s
TEST_START  :2020/02/09_01:01:01
DIEID_STR   : F7AA E606 E729 3DF4
DIEID_NAME   : DIE_F7AAE606
DIEID_LOT   : JZADIW
DIEID_WAFER : 25
DIEID_X   : 49
DIEID_Y : 0
[CHIP END]
