[BEGIN]
**************

CUSTOMER LOT ID     : JZADIWHMZ
TEST SITE    : 1

TEST STAGE   : MT3

Test FLOW   : M3+1

TEST START     : 2020/02/09_01:01:01
*********************

[ONETEST]
TEST_TXT : AAA_TEST
PATTERN : 
RESULT :0x1
P_F    :P
TEST_TIME : 15200
[ONETEST END]

[ONETEST]
TEST_TXT : BBB_TEST
PATTERN : 
RESULT :0x1
P_F    :P
TEST_TIME : 14800
[ONETEST END]

[CHIPINFO]
SOFT_BIN: 1000
P_F     :P
TEST_TIME   :51.3s
TEST_START  :2020/02/09_01:01:01
DIEID_STR   : E170 52BF 28DA 7730
DIEID_NAME   : DIE_E17052BF
DIEID_LOT   : JZADIW
DIEID_WAFER : 22
DIEID_X   : 71
DIEID_Y : 53
[CHIP END]
