[BEGIN]
**************

CUSTOMER LOT ID     : JZADIWHMZ
TEST SITE    : 1

TEST STAGE   : MT3

Test FLOW   : M3+1

TEST START     : 2020/02/09_01:01:01
*********************

[ONETEST]
TEST_TXT : AAA_TEST
PATTERN : 
RESULT :0x1
P_F    :P
TEST_TIME : 15200
[ONETEST END]

[ONETEST]
TEST_TXT : BBB_TEST
PATTERN : 
RESULT :0xFA0
P_F    :F
TEST_TIME : 14800
[ONETEST END]

[CHIPINFO]
SOFT_BIN: 1111
P_F     :F
TEST_TIME   :44.2s
TEST_START  :2020/02/09_01:01:01
DIEID_STR   : 9AA3 625E 3221 19E6
DIEID_NAME   : DIE_9AA3625E
DIEID_LOT   : JZADIW
DIEID_WAFER : 10
DIEID_X   : 59
DIEID_Y : 56
[CHIP END]
