[BEGIN]
**************

CUSTOMER LOT ID     : AB0000AB1
TEST SITE    : 2

TEST STAGE   : MT2

Test FLOW   : M2+1

TEST START     : 2020/02/02_01:01:01
*********************

[ONETEST]
TEST_TXT : AAA_TEST
PATTERN : 
RESULT :0x1
P_F    :P
TEST_TIME : 15200
[ONETEST END]

[ONETEST]
TEST_TXT : BBB_TEST
PATTERN : 
RESULT :0x1
P_F    :P
TEST_TIME : 14800
[ONETEST END]

[CHIPINFO]
SOFT_BIN: 1000
P_F     :P
TEST_TIME   :73.7s
TEST_START  :2020/02/02_01:01:01
DIEID_STR   : A98C 0E21 3B0E 85BD
DIEID_NAME   : DIE_A98C0E21
DIEID_LOT   : AB0000
DIEID_WAFER : 15
DIEID_X   : 39
DIEID_Y : 6
DIEID_STR   : A973 0E21 3B0E 85BD
DIEID_NAME   : DIE_A9730E21_ALT
DIEID_LOT   : AB0000
DIEID_WAFER : 14
DIEID_X   : 38
DIEID_Y : 11
[CHIP END]
