[BEGIN]
**************

CUSTOMER LOT ID     : AB0000AB1
TEST SITE    : 2

TEST STAGE   : MT2

Test FLOW   : M2+1

TEST START     : 2020/02/02_01:01:01
*********************

[ONETEST]
TEST_TXT : AAA_TEST
PATTERN : 
RESULT :0x1
P_F    :P
TEST_TIME : 15200
[ONETEST END]

[ONETEST]
TEST_TXT : BBB_TEST
PATTERN : 
RESULT :0x1
P_F    :P
TEST_TIME : 14800
[ONETEST END]

[CHIPINFO]
SOFT_BIN: 1000
P_F     :P
TEST_TIME   :33.0s
TEST_START  :2020/02/02_01:01:01
DIEID_STR   : F92C 4F41 613A 97EA
DIEID_NAME   : DIE_F92C4F41
DIEID_LOT   : AB0000
DIEID_WAFER : 6
DIEID_X   : 55
DIEID_Y : 43
[CHIP END]
