[BEGIN]
**************

CUSTOMER LOT ID     : AB0000AB1
TEST SITE    : 3

TEST STAGE   : MT2

Test FLOW   : M2+1

TEST START     : 2020/02/02_01:01:01
*********************

[ONETEST]
TEST_TXT : AAA_TEST
PATTERN : 
RESULT :0x1
P_F    :P
TEST_TIME : 15200
[ONETEST END]

[ONETEST]
TEST_TXT : BBB_TEST
PATTERN : 
RESULT :0x1
P_F    :P
TEST_TIME : 14800
[ONETEST END]

[CHIPINFO]
SOFT_BIN: 1000
P_F     :P
TEST_TIME   :38.3s
TEST_START  :2020/02/02_01:01:01
DIEID_STR   : F81D 7A7E 8C98 E136
DIEID_NAME   : DIE_F81D7A7E
DIEID_LOT   : AB0000
DIEID_WAFER : 24
DIEID_X   : 48
DIEID_Y : 76
DIEID_STR   : F8E2 7A7E 8C98 E136
DIEID_NAME   : DIE_F8E27A7E_ALT
DIEID_LOT   : AB0000
DIEID_WAFER : 7
DIEID_X   : 31
DIEID_Y : 87
[CHIP END]
