[BEGIN]
**************

CUSTOMER LOT ID     : AB0000AB1
TEST SITE    : 2

TEST STAGE   : MT2

Test FLOW   : M2+1

TEST START     : 2020/02/02_01:01:01
*********************

[ONETEST]
TEST_TXT : AAA_TEST
PATTERN : 
RESULT :0x1
P_F    :P
TEST_TIME : 15200
[ONETEST END]

[ONETEST]
TEST_TXT : BBB_TEST
PATTERN : 
RESULT :0x1
P_F    :P
TEST_TIME : 14800
[ONETEST END]

[CHIPINFO]
SOFT_BIN: 1000
P_F     :P
TEST_TIME   :61.7s
TEST_START  :2020/02/02_01:01:01
DIEID_STR   : 7D12 BD32 91E9 50C4
DIEID_NAME   : DIE_7D12BD32
DIEID_LOT   : AB0000
DIEID_WAFER : 13
DIEID_X   : 87
DIEID_Y : 13
[CHIP END]
