[BEGIN]
**************

CUSTOMER LOT ID     : AB0000AB1
TEST SITE    : 1

TEST STAGE   : MT2

Test FLOW   : M2+1

TEST START     : 2020/02/02_01:01:01
*********************

[ONETEST]
TEST_TXT : AAA_TEST
PATTERN : 
RESULT :0x1
P_F    :P
TEST_TIME : 15200
[ONETEST END]

[ONETEST]
TEST_TXT : BBB_TEST
PATTERN : 
RESULT :0x1
P_F    :P
TEST_TIME : 14800
[ONETEST END]

[CHIPINFO]
SOFT_BIN: 1000
P_F     :P
TEST_TIME   :75.6s
TEST_START  :2020/02/02_01:01:01
DIEID_STR   : 9D72 7A99 1DA8 7B53
DIEID_NAME   : DIE_9D727A99
DIEID_LOT   : AB0000
DIEID_WAFER : 3
DIEID_X   : 77
DIEID_Y : 94
[CHIP END]
