[BEGIN]
**************

CUSTOMER LOT ID     : AB0000AB1
TEST SITE    : 1

TEST STAGE   : MT2

Test FLOW   : M2+1

TEST START     : 2020/02/02_01:01:01
*********************

[ONETEST]
TEST_TXT : AAA_TEST
PATTERN : 
RESULT :0x1
P_F    :P
TEST_TIME : 15200
[ONETEST END]

[ONETEST]
TEST_TXT : BBB_TEST
PATTERN : 
RESULT :0x1
P_F    :P
TEST_TIME : 14800
[ONETEST END]

[CHIPINFO]
SOFT_BIN: 1000
P_F     :P
TEST_TIME   :53.1s
TEST_START  :2020/02/02_01:01:01
DIEID_STR   : 46D3 FCAE 2E8B 181F
DIEID_NAME   : DIE_46D3FCAE
DIEID_LOT   : AB0000
DIEID_WAFER : 9
DIEID_X   : 58
DIEID_Y : 53
DIEID_STR   : 462C FCAE 2E8B 181F
DIEID_NAME   : DIE_462CFCAE_ALT
DIEID_LOT   : AB0000
DIEID_WAFER : 24
DIEID_X   : 48
DIEID_Y : 88
[CHIP END]
