[BEGIN]
**************

CUSTOMER LOT ID     : AB0000AB1
TEST SITE    : 2

TEST STAGE   : MT2

Test FLOW   : M2+1

TEST START     : 2020/02/02_01:01:01
*********************

[ONETEST]
TEST_TXT : AAA_TEST
PATTERN : 
RESULT :0x1
P_F    :P
TEST_TIME : 15200
[ONETEST END]

[ONETEST]
TEST_TXT : BBB_TEST
PATTERN : 
RESULT :0x1
P_F    :P
TEST_TIME : 14800
[ONETEST END]

[CHIPINFO]
SOFT_BIN: 1000
P_F     :P
TEST_TIME   :84.0s
TEST_START  :2020/02/02_01:01:01
DIEID_STR   : 64E1 BA7B DCD3 23D3
DIEID_NAME   : DIE_64E1BA7B
DIEID_LOT   : AB0000
DIEID_WAFER : 8
DIEID_X   : 7
DIEID_Y : 67
DIEID_STR   : 641E BA7B DCD3 23D3
DIEID_NAME   : DIE_641EBA7B_ALT
DIEID_LOT   : AB0000
DIEID_WAFER : 20
DIEID_X   : 44
DIEID_Y : 34
[CHIP END]
