[BEGIN]
**************

CUSTOMER LOT ID     : AB0000AB1
TEST SITE    : 1

TEST STAGE   : MT2

Test FLOW   : M2+1

TEST START     : 2020/02/02_01:01:01
*********************

[ONETEST]
TEST_TXT : AAA_TEST
PATTERN : 
RESULT :0x1
P_F    :P
TEST_TIME : 15200
[ONETEST END]

[ONETEST]
TEST_TXT : BBB_TEST
PATTERN : 
RESULT :0xFA0
P_F    :F
TEST_TIME : 14800
[ONETEST END]

[CHIPINFO]
SOFT_BIN: 1111
P_F     :F
TEST_TIME   :44.2s
TEST_START  :2020/02/02_01:01:01
DIEID_STR   : 2698 E2E2 3221 19E6
DIEID_NAME   : DIE_2698E2E2
DIEID_LOT   : AB0000
DIEID_WAFER : 19
DIEID_X   : 18
DIEID_Y : 7
DIEID_STR   : 2667 E2E2 3221 19E6
DIEID_NAME   : DIE_2667E2E2_ALT
DIEID_LOT   : AB0000
DIEID_WAFER : 3
DIEID_X   : 77
DIEID_Y : 30
[CHIP END]
