[BEGIN]
**************

CUSTOMER LOT ID     : AB0000AB1
TEST SITE    : 3

TEST STAGE   : MT2

Test FLOW   : M2+1

TEST START     : 2020/02/02_01:01:01
*********************

[ONETEST]
TEST_TXT : AAA_TEST
PATTERN : 
RESULT :0x1
P_F    :P
TEST_TIME : 15200
[ONETEST END]

[ONETEST]
TEST_TXT : BBB_TEST
PATTERN : 
RESULT :0x1
P_F    :P
TEST_TIME : 14800
[ONETEST END]

[CHIPINFO]
SOFT_BIN: 1000
P_F     :P
TEST_TIME   :75.3s
TEST_START  :2020/02/02_01:01:01
DIEID_STR   : 19B6 7F96 3E22 E9B5
DIEID_NAME   : DIE_19B67F96
DIEID_LOT   : AB0000
DIEID_WAFER : 15
DIEID_X   : 89
DIEID_Y : 52
[CHIP END]
