[BEGIN]
**************

CUSTOMER LOT ID     : AB0000AB1
TEST SITE    : 1

TEST STAGE   : MT2

Test FLOW   : M2+1

TEST START     : 2020/02/02_01:01:01
*********************

[ONETEST]
TEST_TXT : AAA_TEST
PATTERN : 
RESULT :0x1
P_F    :P
TEST_TIME : 15200
[ONETEST END]

[ONETEST]
TEST_TXT : BBB_TEST
PATTERN : 
RESULT :0xFA1
P_F    :F
TEST_TIME : 14800
[ONETEST END]

[CHIPINFO]
SOFT_BIN: 1212
P_F     :F
TEST_TIME   :33.3s
TEST_START  :2020/02/02_01:01:01
DIEID_STR   : 7C6A F229 D06A 617D
DIEID_NAME   : DIE_7C6AF229
DIEID_LOT   : AB0000
DIEID_WAFER : 20
DIEID_X   : 19
DIEID_Y : 3
[CHIP END]
