[BEGIN]
**************

CUSTOMER LOT ID     : AB0000AB1
TEST SITE    : 1

TEST STAGE   : MT2

Test FLOW   : M2+1

TEST START     : 2020/02/02_01:01:01
*********************

[ONETEST]
TEST_TXT : AAA_TEST
PATTERN : 
RESULT :0x1
P_F    :P
TEST_TIME : 15200
[ONETEST END]

[ONETEST]
TEST_TXT : BBB_TEST
PATTERN : 
RESULT :0x1
P_F    :P
TEST_TIME : 14800
[ONETEST END]

[CHIPINFO]
SOFT_BIN: 1000
P_F     :P
TEST_TIME   :51.3s
TEST_START  :2020/02/02_01:01:01
DIEID_STR   : 74AF 942A 28DA 7730
DIEID_NAME   : DIE_74AF942A
DIEID_LOT   : AB0000
DIEID_WAFER : 12
DIEID_X   : 61
DIEID_Y : 39
DIEID_STR   : 7450 942A 28DA 7730
DIEID_NAME   : DIE_7450942A_ALT
DIEID_LOT   : AB0000
DIEID_WAFER : 3
DIEID_X   : 77
DIEID_Y : 25
[CHIP END]
