[BEGIN]
**************

CUSTOMER LOT ID     : AB0000AB1
TEST SITE    : 2

TEST STAGE   : MT2

Test FLOW   : M2+1

TEST START     : 2020/02/02_01:01:01
*********************

[ONETEST]
TEST_TXT : AAA_TEST
PATTERN : 
RESULT :0x1
P_F    :P
TEST_TIME : 15200
[ONETEST END]

[ONETEST]
TEST_TXT : BBB_TEST
PATTERN : 
RESULT :0x1
P_F    :P
TEST_TIME : 14800
[ONETEST END]

[CHIPINFO]
SOFT_BIN: 1000
P_F     :P
TEST_TIME   :42.0s
TEST_START  :2020/02/02_01:01:01
DIEID_STR   : AA14 D2CC 7F0F 889A
DIEID_NAME   : DIE_AA14D2CC
DIEID_LOT   : AB0000
DIEID_WAFER : 10
DIEID_X   : 84
DIEID_Y : 35
[CHIP END]
