[BEGIN]
**************

CUSTOMER LOT ID     : JZADIWHMZ
TEST SITE    : 1

TEST STAGE   : MT2

Test FLOW   : M2+1

TEST START     : 2020/02/08_01:01:01
*********************

[ONETEST]
TEST_TXT : AAA_TEST
PATTERN : 
RESULT :0x1
P_F    :P
TEST_TIME : 15200
[ONETEST END]

[ONETEST]
TEST_TXT : BBB_TEST
PATTERN : 
RESULT :0xFA1
P_F    :F
TEST_TIME : 14800
[ONETEST END]

[CHIPINFO]
SOFT_BIN: 1212
P_F     :F
TEST_TIME   :33.3s
TEST_START  :2020/02/08_01:01:01
DIEID_STR   : 2432 5271 D06A 617D
DIEID_NAME   : DIE_24325271
DIEID_LOT   : JZADIW
DIEID_WAFER : 3
DIEID_X   : 27
DIEID_Y : 19
[CHIP END]
