[BEGIN]
**************

CUSTOMER LOT ID     : JZADIWHMZ
TEST SITE    : 2

TEST STAGE   : MT2

Test FLOW   : M2+1

TEST START     : 2020/02/08_01:01:01
*********************

[ONETEST]
TEST_TXT : AAA_TEST
PATTERN : 
RESULT :0x1
P_F    :P
TEST_TIME : 15200
[ONETEST END]

[ONETEST]
TEST_TXT : BBB_TEST
PATTERN : 
RESULT :0x1
P_F    :P
TEST_TIME : 14800
[ONETEST END]

[CHIPINFO]
SOFT_BIN: 1000
P_F     :P
TEST_TIME   :84.0s
TEST_START  :2020/02/08_01:01:01
DIEID_STR   : 48B7 7657 DCD3 23D3
DIEID_NAME   : DIE_48B77657
DIEID_LOT   : JZADIW
DIEID_WAFER : 25
DIEID_X   : 74
DIEID_Y : 37
[CHIP END]
