[BEGIN]
**************

CUSTOMER LOT ID     : JZADIWHMZ
TEST SITE    : 2

TEST STAGE   : MT2

Test FLOW   : M2+1

TEST START     : 2020/02/08_01:01:01
*********************

[ONETEST]
TEST_TXT : AAA_TEST
PATTERN : 
RESULT :0x1
P_F    :P
TEST_TIME : 15200
[ONETEST END]

[ONETEST]
TEST_TXT : BBB_TEST
PATTERN : 
RESULT :0x1
P_F    :P
TEST_TIME : 14800
[ONETEST END]

[CHIPINFO]
SOFT_BIN: 1000
P_F     :P
TEST_TIME   :73.7s
TEST_START  :2020/02/08_01:01:01
DIEID_STR   : CDAF FA45 3B0E 85BD
DIEID_NAME   : DIE_CDAFFA45
DIEID_LOT   : JZADIW
DIEID_WAFER : 24
DIEID_X   : 98
DIEID_Y : 83
DIEID_STR   : CD50 FA45 3B0E 85BD
DIEID_NAME   : DIE_CD50FA45_ALT
DIEID_LOT   : JZADIW
DIEID_WAFER : 21
DIEID_X   : 20
DIEID_Y : 71
[CHIP END]
