[BEGIN]
**************

CUSTOMER LOT ID     : JZADIWHMZ
TEST SITE    : 1

TEST STAGE   : MT2

Test FLOW   : M2+1

TEST START     : 2020/02/08_01:01:01
*********************

[ONETEST]
TEST_TXT : AAA_TEST
PATTERN : 
RESULT :0x1
P_F    :P
TEST_TIME : 15200
[ONETEST END]

[ONETEST]
TEST_TXT : BBB_TEST
PATTERN : 
RESULT :0x1
P_F    :P
TEST_TIME : 14800
[ONETEST END]

[CHIPINFO]
SOFT_BIN: 1000
P_F     :P
TEST_TIME   :80.5s
TEST_START  :2020/02/08_01:01:01
DIEID_STR   : 5718 2549 01A9 86DA
DIEID_NAME   : DIE_57182549
DIEID_LOT   : JZADIW
DIEID_WAFER : 11
DIEID_X   : 60
DIEID_Y : 31
[CHIP END]
