[BEGIN]
**************

CUSTOMER LOT ID     : JZADIWHMZ
TEST SITE    : 1

TEST STAGE   : MT2

Test FLOW   : M2+1

TEST START     : 2020/02/08_01:01:01
*********************

[ONETEST]
TEST_TXT : AAA_TEST
PATTERN : 
RESULT :0x1
P_F    :P
TEST_TIME : 15200
[ONETEST END]

[ONETEST]
TEST_TXT : BBB_TEST
PATTERN : 
RESULT :0x1
P_F    :P
TEST_TIME : 14800
[ONETEST END]

[CHIPINFO]
SOFT_BIN: 1000
P_F     :P
TEST_TIME   :50.6s
TEST_START  :2020/02/08_01:01:01
DIEID_STR   : 2FE8 8FC2 8E45 4F9B
DIEID_NAME   : DIE_2FE88FC2
DIEID_LOT   : JZADIW
DIEID_WAFER : 1
DIEID_X   : 75
DIEID_Y : 87
[CHIP END]
