[BEGIN]
**************

CUSTOMER LOT ID     : JZADIWHMZ
TEST SITE    : 2

TEST STAGE   : MT2

Test FLOW   : M2+1

TEST START     : 2020/02/08_01:01:01
*********************

[ONETEST]
TEST_TXT : AAA_TEST
PATTERN : 
RESULT :0x1
P_F    :P
TEST_TIME : 15200
[ONETEST END]

[ONETEST]
TEST_TXT : BBB_TEST
PATTERN : 
RESULT :0x1
P_F    :P
TEST_TIME : 14800
[ONETEST END]

[CHIPINFO]
SOFT_BIN: 1000
P_F     :P
TEST_TIME   :68.2s
TEST_START  :2020/02/08_01:01:01
DIEID_STR   : F8B8 F35F 8092 1A02
DIEID_NAME   : DIE_F8B8F35F
DIEID_LOT   : JZADIW
DIEID_WAFER : 12
DIEID_X   : 61
DIEID_Y : 76
[CHIP END]
