[BEGIN]
**************

CUSTOMER LOT ID     : JZADIWHMZ
TEST SITE    : 2

TEST STAGE   : MT2

Test FLOW   : M2+1

TEST START     : 2020/02/08_01:01:01
*********************

[ONETEST]
TEST_TXT : AAA_TEST
PATTERN : 
RESULT :0x1
P_F    :P
TEST_TIME : 15200
[ONETEST END]

[ONETEST]
TEST_TXT : BBB_TEST
PATTERN : 
RESULT :0x1
P_F    :P
TEST_TIME : 14800
[ONETEST END]

[CHIPINFO]
SOFT_BIN: 1000
P_F     :P
TEST_TIME   :70.3s
TEST_START  :2020/02/08_01:01:01
DIEID_STR   : 7805 FE95 D6A4 A1FB
DIEID_NAME   : DIE_7805FE95
DIEID_LOT   : JZADIW
DIEID_WAFER : 17
DIEID_X   : 16
DIEID_Y : 83
DIEID_STR   : 78FA FE95 D6A4 A1FB
DIEID_NAME   : DIE_78FAFE95_ALT
DIEID_LOT   : JZADIW
DIEID_WAFER : 2
DIEID_X   : 26
DIEID_Y : 86
[CHIP END]
