[BEGIN]
**************

CUSTOMER LOT ID     : JZADIWHMZ
TEST SITE    : 1

TEST STAGE   : MT2

Test FLOW   : M2+1

TEST START     : 2020/02/08_01:01:01
*********************

[ONETEST]
TEST_TXT : AAA_TEST
PATTERN : 
RESULT :0x1
P_F    :P
TEST_TIME : 15200
[ONETEST END]

[ONETEST]
TEST_TXT : BBB_TEST
PATTERN : 
RESULT :0x1
P_F    :P
TEST_TIME : 14800
[ONETEST END]

[CHIPINFO]
SOFT_BIN: 1000
P_F     :P
TEST_TIME   :30.4s
TEST_START  :2020/02/08_01:01:01
DIEID_STR   : 6A8C E69B E729 3DF4
DIEID_NAME   : DIE_6A8CE69B
DIEID_LOT   : JZADIW
DIEID_WAFER : 6
DIEID_X   : 5
DIEID_Y : 26
[CHIP END]
