[BEGIN]
**************

CUSTOMER LOT ID     : JZADIWHMZ
TEST SITE    : 2

TEST STAGE   : MT2

Test FLOW   : M2+1

TEST START     : 2020/02/08_01:01:01
*********************

[ONETEST]
TEST_TXT : AAA_TEST
PATTERN : 
RESULT :0x1
P_F    :P
TEST_TIME : 15200
[ONETEST END]

[ONETEST]
TEST_TXT : BBB_TEST
PATTERN : 
RESULT :0x1
P_F    :P
TEST_TIME : 14800
[ONETEST END]

[CHIPINFO]
SOFT_BIN: 1000
P_F     :P
TEST_TIME   :45.0s
TEST_START  :2020/02/08_01:01:01
DIEID_STR   : 64D0 824F 9DD4 BAB3
DIEID_NAME   : DIE_64D0824F
DIEID_LOT   : JZADIW
DIEID_WAFER : 14
DIEID_X   : 63
DIEID_Y : 37
[CHIP END]
