[BEGIN]
**************

CUSTOMER LOT ID     : JZADIWHMZ
TEST SITE    : 2

TEST STAGE   : MT2

Test FLOW   : M2+1

TEST START     : 2020/02/08_01:01:01
*********************

[ONETEST]
TEST_TXT : AAA_TEST
PATTERN : 
RESULT :0x1
P_F    :P
TEST_TIME : 15200
[ONETEST END]

[ONETEST]
TEST_TXT : BBB_TEST
PATTERN : 
RESULT :0x1
P_F    :P
TEST_TIME : 14800
[ONETEST END]

[CHIPINFO]
SOFT_BIN: 1000
P_F     :P
TEST_TIME   :33.0s
TEST_START  :2020/02/08_01:01:01
DIEID_STR   : 633F D3DB 613A 97EA
DIEID_NAME   : DIE_633FD3DB
DIEID_LOT   : JZADIW
DIEID_WAFER : 2
DIEID_X   : 76
DIEID_Y : 92
[CHIP END]
