[BEGIN]
**************

CUSTOMER LOT ID     : JZADIWHMZ
TEST SITE    : 2

TEST STAGE   : MT2

Test FLOW   : M2+1

TEST START     : 2020/02/08_01:01:01
*********************

[ONETEST]
TEST_TXT : AAA_TEST
PATTERN : 
RESULT :0x1
P_F    :P
TEST_TIME : 15200
[ONETEST END]

[ONETEST]
TEST_TXT : BBB_TEST
PATTERN : 
RESULT :0x1
P_F    :P
TEST_TIME : 14800
[ONETEST END]

[CHIPINFO]
SOFT_BIN: 1000
P_F     :P
TEST_TIME   :61.7s
TEST_START  :2020/02/08_01:01:01
DIEID_STR   : 3343 347C 91E9 50C4
DIEID_NAME   : DIE_3343347C
DIEID_LOT   : JZADIW
DIEID_WAFER : 11
DIEID_X   : 10
DIEID_Y : 11
DIEID_STR   : 33BC 347C 91E9 50C4
DIEID_NAME   : DIE_33BC347C_ALT
DIEID_LOT   : JZADIW
DIEID_WAFER : 17
DIEID_X   : 66
DIEID_Y : 4
[CHIP END]
