[BEGIN]
**************

CUSTOMER LOT ID     : JZADIWHMZ
TEST SITE    : 1

TEST STAGE   : MT2

Test FLOW   : M2+1

TEST START     : 2020/02/08_01:01:01
*********************

[ONETEST]
TEST_TXT : AAA_TEST
PATTERN : 
RESULT :0x1
P_F    :P
TEST_TIME : 15200
[ONETEST END]

[ONETEST]
TEST_TXT : BBB_TEST
PATTERN : 
RESULT :0x1
P_F    :P
TEST_TIME : 14800
[ONETEST END]

[CHIPINFO]
SOFT_BIN: 1000
P_F     :P
TEST_TIME   :53.1s
TEST_START  :2020/02/08_01:01:01
DIEID_STR   : BE94 4956 2E8B 181F
DIEID_NAME   : DIE_BE944956
DIEID_LOT   : JZADIW
DIEID_WAFER : 19
DIEID_X   : 93
DIEID_Y : 34
DIEID_STR   : BE6B 4956 2E8B 181F
DIEID_NAME   : DIE_BE6B4956_ALT
DIEID_LOT   : JZADIW
DIEID_WAFER : 24
DIEID_X   : 48
DIEID_Y : 66
[CHIP END]
