[BEGIN]
**************

CUSTOMER LOT ID     : JZADIWHMZ
TEST SITE    : 2

TEST STAGE   : MT2

Test FLOW   : M2+1

TEST START     : 2020/02/08_01:01:01
*********************

[ONETEST]
TEST_TXT : AAA_TEST
PATTERN : 
RESULT :0x1
P_F    :P
TEST_TIME : 15200
[ONETEST END]

[ONETEST]
TEST_TXT : BBB_TEST
PATTERN : 
RESULT :0x1
P_F    :P
TEST_TIME : 14800
[ONETEST END]

[CHIPINFO]
SOFT_BIN: 1000
P_F     :P
TEST_TIME   :42.0s
TEST_START  :2020/02/08_01:01:01
DIEID_STR   : 1461 4272 7F0F 889A
DIEID_NAME   : DIE_14614272
DIEID_LOT   : JZADIW
DIEID_WAFER : 7
DIEID_X   : 81
DIEID_Y : 61
[CHIP END]
