[BEGIN]
**************

CUSTOMER LOT ID     : JZADIWHMZ
TEST SITE    : 1

TEST STAGE   : MT2

Test FLOW   : M2+1

TEST START     : 2020/02/08_01:01:01
*********************

[ONETEST]
TEST_TXT : AAA_TEST
PATTERN : 
RESULT :0x1
P_F    :P
TEST_TIME : 15200
[ONETEST END]

[ONETEST]
TEST_TXT : BBB_TEST
PATTERN : 
RESULT :0x1
P_F    :P
TEST_TIME : 14800
[ONETEST END]

[CHIPINFO]
SOFT_BIN: 1000
P_F     :P
TEST_TIME   :31.9s
TEST_START  :2020/02/08_01:01:01
DIEID_STR   : FB58 9A27 7D62 7248
DIEID_NAME   : DIE_FB589A27
DIEID_LOT   : JZADIW
DIEID_WAFER : 11
DIEID_X   : 85
DIEID_Y : 63
DIEID_STR   : FBA7 9A27 7D62 7248
DIEID_NAME   : DIE_FBA79A27_ALT
DIEID_LOT   : JZADIW
DIEID_WAFER : 25
DIEID_X   : 49
DIEID_Y : 85
[CHIP END]
