[BEGIN]
**************

CUSTOMER LOT ID     : AB0000AA1
TEST SITE    : 1

TEST STAGE   : MT1

Test FLOW   : M1+1

TEST START     : 2020/02/02_01:01:01
*********************

[ONETEST]
TEST_TXT : AAA_TEST
PATTERN : 
RESULT :0x1
P_F    :P
TEST_TIME : 15200
[ONETEST END]

[ONETEST]
TEST_TXT : BBB_TEST
PATTERN : 
RESULT :0x1
P_F    :P
TEST_TIME : 14800
[ONETEST END]

[CHIPINFO]
SOFT_BIN: 1000
P_F     :P
TEST_TIME   :51.3s
TEST_START  :2020/02/02_01:01:01
DIEID_STR   : 8843 80D6 28DA 7730
DIEID_NAME   : DIE_884380D6
DIEID_LOT   : AB0000
DIEID_WAFER : 20
DIEID_X   : 44
DIEID_Y : 43
DIEID_STR   : 88BC 80D6 28DA 7730
DIEID_NAME   : DIE_88BC80D6_ALT
DIEID_LOT   : AB0000
DIEID_WAFER : 17
DIEID_X   : 16
DIEID_Y : 98
[CHIP END]
