[BEGIN]
**************

CUSTOMER LOT ID     : AB0000AA1
TEST SITE    : 3

TEST STAGE   : MT1

Test FLOW   : M1+1

TEST START     : 2020/02/02_01:01:01
*********************

[ONETEST]
TEST_TXT : AAA_TEST
PATTERN : 
RESULT :0x1
P_F    :P
TEST_TIME : 15200
[ONETEST END]

[ONETEST]
TEST_TXT : BBB_TEST
PATTERN : 
RESULT :0x1
P_F    :P
TEST_TIME : 14800
[ONETEST END]

[CHIPINFO]
SOFT_BIN: 1000
P_F     :P
TEST_TIME   :86.9s
TEST_START  :2020/02/02_01:01:01
DIEID_STR   : 9E85 0669 7E9B 6612
DIEID_NAME   : DIE_9E850669
DIEID_LOT   : AB0000
DIEID_WAFER : 11
DIEID_X   : 35
DIEID_Y : 16
[CHIP END]
