[BEGIN]
**************

CUSTOMER LOT ID     : AB0000AA1
TEST SITE    : 2

TEST STAGE   : MT1

Test FLOW   : M1+1

TEST START     : 2020/02/02_01:01:01
*********************

[ONETEST]
TEST_TXT : AAA_TEST
PATTERN : 
RESULT :0x1
P_F    :P
TEST_TIME : 15200
[ONETEST END]

[ONETEST]
TEST_TXT : BBB_TEST
PATTERN : 
RESULT :0x1
P_F    :P
TEST_TIME : 14800
[ONETEST END]

[CHIPINFO]
SOFT_BIN: 1000
P_F     :P
TEST_TIME   :84.0s
TEST_START  :2020/02/02_01:01:01
DIEID_STR   : A078 B7BF DCD3 23D3
DIEID_NAME   : DIE_A078B7BF
DIEID_LOT   : AB0000
DIEID_WAFER : 3
DIEID_X   : 52
DIEID_Y : 40
[CHIP END]
