[BEGIN]
**************

CUSTOMER LOT ID     : AB0000AA1
TEST SITE    : 1

TEST STAGE   : MT1

Test FLOW   : M1+1

TEST START     : 2020/02/02_01:01:01
*********************

[ONETEST]
TEST_TXT : AAA_TEST
PATTERN : 
RESULT :0x1
P_F    :P
TEST_TIME : 15200
[ONETEST END]

[ONETEST]
TEST_TXT : BBB_TEST
PATTERN : 
RESULT :0x1
P_F    :P
TEST_TIME : 14800
[ONETEST END]

[CHIPINFO]
SOFT_BIN: 1000
P_F     :P
TEST_TIME   :50.6s
TEST_START  :2020/02/02_01:01:01
DIEID_STR   : A6BC 7B4B 8E45 4F9B
DIEID_NAME   : DIE_A6BC7B4B
DIEID_LOT   : AB0000
DIEID_WAFER : 7
DIEID_X   : 81
DIEID_Y : 57
DIEID_STR   : A643 7B4B 8E45 4F9B
DIEID_NAME   : DIE_A6437B4B_ALT
DIEID_LOT   : AB0000
DIEID_WAFER : 25
DIEID_X   : 74
DIEID_Y : 37
[CHIP END]
