[BEGIN]
**************

CUSTOMER LOT ID     : AB0000AA1
TEST SITE    : 2

TEST STAGE   : MT1

Test FLOW   : M1+1

TEST START     : 2020/02/02_01:01:01
*********************

[ONETEST]
TEST_TXT : AAA_TEST
PATTERN : 
RESULT :0x1
P_F    :P
TEST_TIME : 15200
[ONETEST END]

[ONETEST]
TEST_TXT : BBB_TEST
PATTERN : 
RESULT :0xFA0
P_F    :F
TEST_TIME : 14800
[ONETEST END]

[CHIPINFO]
SOFT_BIN: 1111
P_F     :F
TEST_TIME   :67.8s
TEST_START  :2020/02/02_01:01:01
DIEID_STR   : 8649 CC92 0C81 17A9
DIEID_NAME   : DIE_8649CC92
DIEID_LOT   : AB0000
DIEID_WAFER : 16
DIEID_X   : 40
DIEID_Y : 43
[CHIP END]
