[BEGIN]
**************

CUSTOMER LOT ID     : AB0000AA1
TEST SITE    : 2

TEST STAGE   : MT1

Test FLOW   : M1+1

TEST START     : 2020/02/02_01:01:01
*********************

[ONETEST]
TEST_TXT : AAA_TEST
PATTERN : 
RESULT :0x1
P_F    :P
TEST_TIME : 15200
[ONETEST END]

[ONETEST]
TEST_TXT : BBB_TEST
PATTERN : 
RESULT :0x1
P_F    :P
TEST_TIME : 14800
[ONETEST END]

[CHIPINFO]
SOFT_BIN: 1000
P_F     :P
TEST_TIME   :33.0s
TEST_START  :2020/02/02_01:01:01
DIEID_STR   : D8C2 1A60 613A 97EA
DIEID_NAME   : DIE_D8C21A60
DIEID_LOT   : AB0000
DIEID_WAFER : 9
DIEID_X   : 8
DIEID_Y : 65
DIEID_STR   : D83D 1A60 613A 97EA
DIEID_NAME   : DIE_D83D1A60_ALT
DIEID_LOT   : AB0000
DIEID_WAFER : 21
DIEID_X   : 95
DIEID_Y : 15
[CHIP END]
