[BEGIN]
**************

CUSTOMER LOT ID     : AB0000AA1
TEST SITE    : 2

TEST STAGE   : MT1

Test FLOW   : M1+1

TEST START     : 2020/02/02_01:01:01
*********************

[ONETEST]
TEST_TXT : AAA_TEST
PATTERN : 
RESULT :0x1
P_F    :P
TEST_TIME : 15200
[ONETEST END]

[ONETEST]
TEST_TXT : BBB_TEST
PATTERN : 
RESULT :0x1
P_F    :P
TEST_TIME : 14800
[ONETEST END]

[CHIPINFO]
SOFT_BIN: 1000
P_F     :P
TEST_TIME   :73.7s
TEST_START  :2020/02/02_01:01:01
DIEID_STR   : 01E8 2F89 3B0E 85BD
DIEID_NAME   : DIE_01E82F89
DIEID_LOT   : AB0000
DIEID_WAFER : 22
DIEID_X   : 21
DIEID_Y : 30
DIEID_STR   : 0117 2F89 3B0E 85BD
DIEID_NAME   : DIE_01172F89_ALT
DIEID_LOT   : AB0000
DIEID_WAFER : 3
DIEID_X   : 27
DIEID_Y : 32
[CHIP END]
