[BEGIN]
**************

CUSTOMER LOT ID     : AB0000AA1
TEST SITE    : 1

TEST STAGE   : MT1

Test FLOW   : M1+1

TEST START     : 2020/02/02_01:01:01
*********************

[ONETEST]
TEST_TXT : AAA_TEST
PATTERN : 
RESULT :0x1
P_F    :P
TEST_TIME : 15200
[ONETEST END]

[ONETEST]
TEST_TXT : BBB_TEST
PATTERN : 
RESULT :0x1
P_F    :P
TEST_TIME : 14800
[ONETEST END]

[CHIPINFO]
SOFT_BIN: 1000
P_F     :P
TEST_TIME   :80.5s
TEST_START  :2020/02/02_01:01:01
DIEID_STR   : 4B56 1255 01A9 86DA
DIEID_NAME   : DIE_4B561255
DIEID_LOT   : AB0000
DIEID_WAFER : 11
DIEID_X   : 10
DIEID_Y : 28
DIEID_STR   : 4BA9 1255 01A9 86DA
DIEID_NAME   : DIE_4BA91255_ALT
DIEID_LOT   : AB0000
DIEID_WAFER : 22
DIEID_X   : 96
DIEID_Y : 78
[CHIP END]
