[BEGIN]
**************

CUSTOMER LOT ID     : AB0000AA1
TEST SITE    : 3

TEST STAGE   : MT1

Test FLOW   : M1+1

TEST START     : 2020/02/02_01:01:01
*********************

[ONETEST]
TEST_TXT : AAA_TEST
PATTERN : 
RESULT :0x1
P_F    :P
TEST_TIME : 15200
[ONETEST END]

[ONETEST]
TEST_TXT : BBB_TEST
PATTERN : 
RESULT :0x1
P_F    :P
TEST_TIME : 14800
[ONETEST END]

[CHIPINFO]
SOFT_BIN: 1000
P_F     :P
TEST_TIME   :74.1s
TEST_START  :2020/02/02_01:01:01
DIEID_STR   : 606F 5294 0304 B419
DIEID_NAME   : DIE_606F5294
DIEID_LOT   : AB0000
DIEID_WAFER : 23
DIEID_X   : 22
DIEID_Y : 82
[CHIP END]
