[BEGIN]
**************

CUSTOMER LOT ID     : AB0000AA1
TEST SITE    : 3

TEST STAGE   : MT1

Test FLOW   : M1+1

TEST START     : 2020/02/02_01:01:01
*********************

[ONETEST]
TEST_TXT : AAA_TEST
PATTERN : 
RESULT :0x1
P_F    :P
TEST_TIME : 15200
[ONETEST END]

[ONETEST]
TEST_TXT : BBB_TEST
PATTERN : 
RESULT :0x1
P_F    :P
TEST_TIME : 14800
[ONETEST END]

[CHIPINFO]
SOFT_BIN: 1000
P_F     :P
TEST_TIME   :42.7s
TEST_START  :2020/02/02_01:01:01
DIEID_STR   : 97D4 6527 0DE0 2AFB
DIEID_NAME   : DIE_97D46527
DIEID_LOT   : AB0000
DIEID_WAFER : 23
DIEID_X   : 22
DIEID_Y : 47
DIEID_STR   : 972B 6527 0DE0 2AFB
DIEID_NAME   : DIE_972B6527_ALT
DIEID_LOT   : AB0000
DIEID_WAFER : 25
DIEID_X   : 74
DIEID_Y : 87
[CHIP END]
