[BEGIN]
**************

CUSTOMER LOT ID     : JZADIWHMZ
TEST SITE    : 1

TEST STAGE   : MT1

Test FLOW   : M1+1

TEST START     : 2020/02/07_01:01:01
*********************

[ONETEST]
TEST_TXT : AAA_TEST
PATTERN : 
RESULT :0x1
P_F    :P
TEST_TIME : 15200
[ONETEST END]

[ONETEST]
TEST_TXT : BBB_TEST
PATTERN : 
RESULT :0x1
P_F    :P
TEST_TIME : 14800
[ONETEST END]

[CHIPINFO]
SOFT_BIN: 1000
P_F     :P
TEST_TIME   :73.1s
TEST_START  :2020/02/07_01:01:01
DIEID_STR   : EFFD 96EA 7545 106F
DIEID_NAME   : DIE_EFFD96EA
DIEID_LOT   : JZADIW
DIEID_WAFER : 1
DIEID_X   : 75
DIEID_Y : 80
[CHIP END]
