[BEGIN]
**************

CUSTOMER LOT ID     : JZADIWHMZ
TEST SITE    : 1

TEST STAGE   : MT1

Test FLOW   : M1+1

TEST START     : 2020/02/07_01:01:01
*********************

[ONETEST]
TEST_TXT : AAA_TEST
PATTERN : 
RESULT :0x1
P_F    :P
TEST_TIME : 15200
[ONETEST END]

[ONETEST]
TEST_TXT : BBB_TEST
PATTERN : 
RESULT :0x1
P_F    :P
TEST_TIME : 14800
[ONETEST END]

[CHIPINFO]
SOFT_BIN: 1000
P_F     :P
TEST_TIME   :80.5s
TEST_START  :2020/02/07_01:01:01
DIEID_STR   : 757A 816B 01A9 86DA
DIEID_NAME   : DIE_757A816B
DIEID_LOT   : JZADIW
DIEID_WAFER : 16
DIEID_X   : 40
DIEID_Y : 17
[CHIP END]
