[BEGIN]
**************

CUSTOMER LOT ID     : JZADIWHMZ
TEST SITE    : 2

TEST STAGE   : MT1

Test FLOW   : M1+1

TEST START     : 2020/02/07_01:01:01
*********************

[ONETEST]
TEST_TXT : AAA_TEST
PATTERN : 
RESULT :0x1
P_F    :P
TEST_TIME : 15200
[ONETEST END]

[ONETEST]
TEST_TXT : BBB_TEST
PATTERN : 
RESULT :0x1
P_F    :P
TEST_TIME : 14800
[ONETEST END]

[CHIPINFO]
SOFT_BIN: 1000
P_F     :P
TEST_TIME   :84.0s
TEST_START  :2020/02/07_01:01:01
DIEID_STR   : B3E4 C2AC DCD3 23D3
DIEID_NAME   : DIE_B3E4C2AC
DIEID_LOT   : JZADIW
DIEID_WAFER : 25
DIEID_X   : 24
DIEID_Y : 63
[CHIP END]
