[BEGIN]
**************

CUSTOMER LOT ID     : JZADIWHMZ
TEST SITE    : 2

TEST STAGE   : MT1

Test FLOW   : M1+1

TEST START     : 2020/02/07_01:01:01
*********************

[ONETEST]
TEST_TXT : AAA_TEST
PATTERN : 
RESULT :0x1
P_F    :P
TEST_TIME : 15200
[ONETEST END]

[ONETEST]
TEST_TXT : BBB_TEST
PATTERN : 
RESULT :0x1
P_F    :P
TEST_TIME : 14800
[ONETEST END]

[CHIPINFO]
SOFT_BIN: 1000
P_F     :P
TEST_TIME   :70.3s
TEST_START  :2020/02/07_01:01:01
DIEID_STR   : D05F 0E3D D6A4 A1FB
DIEID_NAME   : DIE_D05F0E3D
DIEID_LOT   : JZADIW
DIEID_WAFER : 25
DIEID_X   : 74
DIEID_Y : 8
[CHIP END]
