[BEGIN]
**************

CUSTOMER LOT ID     : JZADIWHMZ
TEST SITE    : 2

TEST STAGE   : MT1

Test FLOW   : M1+1

TEST START     : 2020/02/07_01:01:01
*********************

[ONETEST]
TEST_TXT : AAA_TEST
PATTERN : 
RESULT :0x1
P_F    :P
TEST_TIME : 15200
[ONETEST END]

[ONETEST]
TEST_TXT : BBB_TEST
PATTERN : 
RESULT :0x1
P_F    :P
TEST_TIME : 14800
[ONETEST END]

[CHIPINFO]
SOFT_BIN: 1000
P_F     :P
TEST_TIME   :68.2s
TEST_START  :2020/02/07_01:01:01
DIEID_STR   : F368 D254 8092 1A02
DIEID_NAME   : DIE_F368D254
DIEID_LOT   : JZADIW
DIEID_WAFER : 23
DIEID_X   : 72
DIEID_Y : 8
[CHIP END]
