[BEGIN]
**************

CUSTOMER LOT ID     : JZADIWHMZ
TEST SITE    : 1

TEST STAGE   : MT1

Test FLOW   : M1+1

TEST START     : 2020/02/07_01:01:01
*********************

[ONETEST]
TEST_TXT : AAA_TEST
PATTERN : 
RESULT :0x1
P_F    :P
TEST_TIME : 15200
[ONETEST END]

[ONETEST]
TEST_TXT : BBB_TEST
PATTERN : 
RESULT :0x1
P_F    :P
TEST_TIME : 14800
[ONETEST END]

[CHIPINFO]
SOFT_BIN: 1000
P_F     :P
TEST_TIME   :30.4s
TEST_START  :2020/02/07_01:01:01
DIEID_STR   : 465C D4B7 E729 3DF4
DIEID_NAME   : DIE_465CD4B7
DIEID_LOT   : JZADIW
DIEID_WAFER : 8
DIEID_X   : 32
DIEID_Y : 38
DIEID_STR   : 46A3 D4B7 E729 3DF4
DIEID_NAME   : DIE_46A3D4B7_ALT
DIEID_LOT   : JZADIW
DIEID_WAFER : 7
DIEID_X   : 31
DIEID_Y : 87
[CHIP END]
