[BEGIN]
**************

CUSTOMER LOT ID     : JZADIWHMZ
TEST SITE    : 2

TEST STAGE   : MT1

Test FLOW   : M1+1

TEST START     : 2020/02/07_01:01:01
*********************

[ONETEST]
TEST_TXT : AAA_TEST
PATTERN : 
RESULT :0x1
P_F    :P
TEST_TIME : 15200
[ONETEST END]

[ONETEST]
TEST_TXT : BBB_TEST
PATTERN : 
RESULT :0x1
P_F    :P
TEST_TIME : 14800
[ONETEST END]

[CHIPINFO]
SOFT_BIN: 1000
P_F     :P
TEST_TIME   :45.0s
TEST_START  :2020/02/07_01:01:01
DIEID_STR   : 7847 8D53 9DD4 BAB3
DIEID_NAME   : DIE_78478D53
DIEID_LOT   : JZADIW
DIEID_WAFER : 10
DIEID_X   : 9
DIEID_Y : 57
[CHIP END]
