[BEGIN]
**************

CUSTOMER LOT ID     : JZADIWHMZ
TEST SITE    : 2

TEST STAGE   : MT1

Test FLOW   : M1+1

TEST START     : 2020/02/07_01:01:01
*********************

[ONETEST]
TEST_TXT : AAA_TEST
PATTERN : 
RESULT :0x1
P_F    :P
TEST_TIME : 15200
[ONETEST END]

[ONETEST]
TEST_TXT : BBB_TEST
PATTERN : 
RESULT :0x1
P_F    :P
TEST_TIME : 14800
[ONETEST END]

[CHIPINFO]
SOFT_BIN: 1000
P_F     :P
TEST_TIME   :42.0s
TEST_START  :2020/02/07_01:01:01
DIEID_STR   : 3FFD 9D59 7F0F 889A
DIEID_NAME   : DIE_3FFD9D59
DIEID_LOT   : JZADIW
DIEID_WAFER : 10
DIEID_X   : 34
DIEID_Y : 26
DIEID_STR   : 3F02 9D59 7F0F 889A
DIEID_NAME   : DIE_3F029D59_ALT
DIEID_LOT   : JZADIW
DIEID_WAFER : 8
DIEID_X   : 32
DIEID_Y : 59
[CHIP END]
