[BEGIN]
**************

CUSTOMER LOT ID     : JZADIWHMZ
TEST SITE    : 2

TEST STAGE   : MT1

Test FLOW   : M1+1

TEST START     : 2020/02/07_01:01:01
*********************

[ONETEST]
TEST_TXT : AAA_TEST
PATTERN : 
RESULT :0x1
P_F    :P
TEST_TIME : 15200
[ONETEST END]

[ONETEST]
TEST_TXT : BBB_TEST
PATTERN : 
RESULT :0x1
P_F    :P
TEST_TIME : 14800
[ONETEST END]

[CHIPINFO]
SOFT_BIN: 1000
P_F     :P
TEST_TIME   :61.7s
TEST_START  :2020/02/07_01:01:01
DIEID_STR   : 954E 13DA 91E9 50C4
DIEID_NAME   : DIE_954E13DA
DIEID_LOT   : JZADIW
DIEID_WAFER : 5
DIEID_X   : 29
DIEID_Y : 36
[CHIP END]
