[BEGIN]
**************

CUSTOMER LOT ID     : JZADIWHMZ
TEST SITE    : 1

TEST STAGE   : MT1

Test FLOW   : M1+1

TEST START     : 2020/02/07_01:01:01
*********************

[ONETEST]
TEST_TXT : AAA_TEST
PATTERN : 
RESULT :0x1
P_F    :P
TEST_TIME : 15200
[ONETEST END]

[ONETEST]
TEST_TXT : BBB_TEST
PATTERN : 
RESULT :0x1
P_F    :P
TEST_TIME : 14800
[ONETEST END]

[CHIPINFO]
SOFT_BIN: 1000
P_F     :P
TEST_TIME   :51.3s
TEST_START  :2020/02/07_01:01:01
DIEID_STR   : CDBC 8493 28DA 7730
DIEID_NAME   : DIE_CDBC8493
DIEID_LOT   : JZADIW
DIEID_WAFER : 20
DIEID_X   : 44
DIEID_Y : 65
[CHIP END]
