[BEGIN]
**************

CUSTOMER LOT ID     : AB0000AB1
TEST SITE    : 3

TEST STAGE   : MT2

Test FLOW   : M2R1+1

TEST START     : 2020/02/02_09:01:01
*********************

[ONETEST]
TEST_TXT : AAA_TEST
PATTERN : 
RESULT :0x1
P_F    :P
TEST_TIME : 15200
[ONETEST END]

[ONETEST]
TEST_TXT : BBB_TEST
PATTERN : 
RESULT :0x1
P_F    :P
TEST_TIME : 14800
[ONETEST END]

[CHIPINFO]
SOFT_BIN: 1000
P_F     :P
TEST_TIME   :56.9s
TEST_START  :2020/02/02_09:01:01
DIEID_STR   : FD15 A668 5D1A F9A0
DIEID_NAME   : DIE_FD15A668
DIEID_LOT   : AB0000
DIEID_WAFER : 25
DIEID_X   : 49
DIEID_Y : 89
[CHIP END]
