[BEGIN]
**************

CUSTOMER LOT ID     : AB0000AB1
TEST SITE    : 2

TEST STAGE   : MT2

Test FLOW   : M2R1+1

TEST START     : 2020/02/02_09:01:01
*********************

[ONETEST]
TEST_TXT : AAA_TEST
PATTERN : 
RESULT :0x1
P_F    :P
TEST_TIME : 15200
[ONETEST END]

[ONETEST]
TEST_TXT : BBB_TEST
PATTERN : 
RESULT :0x1
P_F    :P
TEST_TIME : 14800
[ONETEST END]

[CHIPINFO]
SOFT_BIN: 1000
P_F     :P
TEST_TIME   :30.1s
TEST_START  :2020/02/02_09:01:01
DIEID_STR   : 65F4 4B71 0C81 17A9
DIEID_NAME   : DIE_65F44B71
DIEID_LOT   : AB0000
DIEID_WAFER : 1
DIEID_X   : 50
DIEID_Y : 37
[CHIP END]
