[BEGIN]
**************

CUSTOMER LOT ID     : AB0000AB1
TEST SITE    : 5

TEST STAGE   : MT2

Test FLOW   : M2R1+2

TEST START     : 2020/02/02_10:30:01
*********************

[ONETEST]
TEST_TXT : AAA_TEST
PATTERN : 
RESULT :0x1
P_F    :P
TEST_TIME : 15200
[ONETEST END]

[ONETEST]
TEST_TXT : BBB_TEST
PATTERN : 
RESULT :0x1
P_F    :P
TEST_TIME : 14800
[ONETEST END]

[CHIPINFO]
SOFT_BIN: 1000
P_F     :P
TEST_TIME   :40.9s
TEST_START  :2020/02/02_10:30:01
DIEID_STR   : 9A6F EA84 0FF2 1F24
DIEID_NAME   : DIE_9A6FEA84
DIEID_LOT   : AB0000
DIEID_WAFER : 10
DIEID_X   : 34
DIEID_Y : 35
[CHIP END]
