[BEGIN]
**************

CUSTOMER LOT ID     : AB0000AB1
TEST SITE    : 3

TEST STAGE   : MT2

Test FLOW   : M2+2

TEST START     : 2020/02/02_03:30:01
*********************

[ONETEST]
TEST_TXT : AAA_TEST
PATTERN : 
RESULT :0x1
P_F    :P
TEST_TIME : 15200
[ONETEST END]

[ONETEST]
TEST_TXT : BBB_TEST
PATTERN : 
RESULT :0xFA1
P_F    :F
TEST_TIME : 14800
[ONETEST END]

[CHIPINFO]
SOFT_BIN: 1212
P_F     :F
TEST_TIME   :57.2s
TEST_START  :2020/02/02_03:30:01
DIEID_STR   : 7C92 9CC7 BCF0 F24F
DIEID_NAME   : DIE_7C929CC7
DIEID_LOT   : AB0000
DIEID_WAFER : 10
DIEID_X   : 9
DIEID_Y : 4
[CHIP END]
