[BEGIN]
**************

CUSTOMER LOT ID     : AB0000AB1
TEST SITE    : 4

TEST STAGE   : MT2

Test FLOW   : M2+2

TEST START     : 2020/02/02_03:30:01
*********************

[ONETEST]
TEST_TXT : AAA_TEST
PATTERN : 
RESULT :0x1
P_F    :P
TEST_TIME : 15200
[ONETEST END]

[ONETEST]
TEST_TXT : BBB_TEST
PATTERN : 
RESULT :0xFA1
P_F    :F
TEST_TIME : 14800
[ONETEST END]

[CHIPINFO]
SOFT_BIN: 1212
P_F     :F
TEST_TIME   :88.7s
TEST_START  :2020/02/02_03:30:01
DIEID_STR   : A221 F9D4 1261 2308
DIEID_NAME   : DIE_A221F9D4
DIEID_LOT   : AB0000
DIEID_WAFER : 23
DIEID_X   : 47
DIEID_Y : 49
DIEID_STR   : A2DE F9D4 1261 2308
DIEID_NAME   : DIE_A2DEF9D4_ALT
DIEID_LOT   : AB0000
DIEID_WAFER : 16
DIEID_X   : 65
DIEID_Y : 69
[CHIP END]
