[BEGIN]
**************

CUSTOMER LOT ID     : AB0000AB1
TEST SITE    : 3

TEST STAGE   : MT2

Test FLOW   : M2+2

TEST START     : 2020/02/02_03:30:01
*********************

[ONETEST]
TEST_TXT : AAA_TEST
PATTERN : 
RESULT :0x1
P_F    :P
TEST_TIME : 15200
[ONETEST END]

[ONETEST]
TEST_TXT : BBB_TEST
PATTERN : 
RESULT :0x1
P_F    :P
TEST_TIME : 14800
[ONETEST END]

[CHIPINFO]
SOFT_BIN: 1000
P_F     :P
TEST_TIME   :71.1s
TEST_START  :2020/02/02_03:30:01
DIEID_STR   : C028 CB16 658B 26E9
DIEID_NAME   : DIE_C028CB16
DIEID_LOT   : AB0000
DIEID_WAFER : 12
DIEID_X   : 86
DIEID_Y : 2
DIEID_STR   : C0D7 CB16 658B 26E9
DIEID_NAME   : DIE_C0D7CB16_ALT
DIEID_LOT   : AB0000
DIEID_WAFER : 24
DIEID_X   : 23
DIEID_Y : 78
[CHIP END]
