[BEGIN]
**************

CUSTOMER LOT ID     : AB0000AB1
TEST SITE    : 4

TEST STAGE   : MT2

Test FLOW   : M2+2

TEST START     : 2020/02/02_03:30:01
*********************

[ONETEST]
TEST_TXT : AAA_TEST
PATTERN : 
RESULT :0x1
P_F    :P
TEST_TIME : 15200
[ONETEST END]

[ONETEST]
TEST_TXT : BBB_TEST
PATTERN : 
RESULT :0x1
P_F    :P
TEST_TIME : 14800
[ONETEST END]

[CHIPINFO]
SOFT_BIN: 1000
P_F     :P
TEST_TIME   :41.3s
TEST_START  :2020/02/02_03:30:01
DIEID_STR   : FAB2 4C14 E4A1 F7FB
DIEID_NAME   : DIE_FAB24C14
DIEID_LOT   : AB0000
DIEID_WAFER : 24
DIEID_X   : 48
DIEID_Y : 51
DIEID_STR   : FA4D 4C14 E4A1 F7FB
DIEID_NAME   : DIE_FA4D4C14_ALT
DIEID_LOT   : AB0000
DIEID_WAFER : 17
DIEID_X   : 41
DIEID_Y : 7
[CHIP END]
