[BEGIN]
**************

CUSTOMER LOT ID     : AB0000AB1
TEST SITE    : 5

TEST STAGE   : MT2

Test FLOW   : M2+2

TEST START     : 2020/02/02_03:30:01
*********************

[ONETEST]
TEST_TXT : AAA_TEST
PATTERN : 
RESULT :0x1
P_F    :P
TEST_TIME : 15200
[ONETEST END]

[ONETEST]
TEST_TXT : BBB_TEST
PATTERN : 
RESULT :0x1
P_F    :P
TEST_TIME : 14800
[ONETEST END]

[CHIPINFO]
SOFT_BIN: 1000
P_F     :P
TEST_TIME   :45.2s
TEST_START  :2020/02/02_03:30:01
DIEID_STR   : 5708 59A2 286E C3DC
DIEID_NAME   : DIE_570859A2
DIEID_LOT   : AB0000
DIEID_WAFER : 3
DIEID_X   : 27
DIEID_Y : 13
DIEID_STR   : 57F7 59A2 286E C3DC
DIEID_NAME   : DIE_57F759A2_ALT
DIEID_LOT   : AB0000
DIEID_WAFER : 6
DIEID_X   : 5
DIEID_Y : 5
[CHIP END]
