[BEGIN]
**************

CUSTOMER LOT ID     : AB0000AB1
TEST SITE    : 5

TEST STAGE   : MT2

Test FLOW   : M2+2

TEST START     : 2020/02/02_03:30:01
*********************

[ONETEST]
TEST_TXT : AAA_TEST
PATTERN : 
RESULT :0x1
P_F    :P
TEST_TIME : 15200
[ONETEST END]

[ONETEST]
TEST_TXT : BBB_TEST
PATTERN : 
RESULT :0x1
P_F    :P
TEST_TIME : 14800
[ONETEST END]

[CHIPINFO]
SOFT_BIN: 1000
P_F     :P
TEST_TIME   :84.2s
TEST_START  :2020/02/02_03:30:01
DIEID_STR   : B463 7021 6158 8052
DIEID_NAME   : DIE_B4637021
DIEID_LOT   : AB0000
DIEID_WAFER : 21
DIEID_X   : 70
DIEID_Y : 80
[CHIP END]
