[BEGIN]
**************

CUSTOMER LOT ID     : AB0000AB1
TEST SITE    : 4

TEST STAGE   : MT2

Test FLOW   : M2+2

TEST START     : 2020/02/02_03:30:01
*********************

[ONETEST]
TEST_TXT : AAA_TEST
PATTERN : 
RESULT :0x1
P_F    :P
TEST_TIME : 15200
[ONETEST END]

[ONETEST]
TEST_TXT : BBB_TEST
PATTERN : 
RESULT :0x1
P_F    :P
TEST_TIME : 14800
[ONETEST END]

[CHIPINFO]
SOFT_BIN: 1000
P_F     :P
TEST_TIME   :48.2s
TEST_START  :2020/02/02_03:30:01
DIEID_STR   : 3A69 2174 CD29 FBC6
DIEID_NAME   : DIE_3A692174
DIEID_LOT   : AB0000
DIEID_WAFER : 23
DIEID_X   : 22
DIEID_Y : 30
DIEID_STR   : 3A96 2174 CD29 FBC6
DIEID_NAME   : DIE_3A962174_ALT
DIEID_LOT   : AB0000
DIEID_WAFER : 14
DIEID_X   : 63
DIEID_Y : 29
[CHIP END]
