[BEGIN]
**************

CUSTOMER LOT ID     : AB0000AB1
TEST SITE    : 5

TEST STAGE   : MT2

Test FLOW   : M2+2

TEST START     : 2020/02/02_03:30:01
*********************

[ONETEST]
TEST_TXT : AAA_TEST
PATTERN : 
RESULT :0x1
P_F    :P
TEST_TIME : 15200
[ONETEST END]

[ONETEST]
TEST_TXT : BBB_TEST
PATTERN : 
RESULT :0x1
P_F    :P
TEST_TIME : 14800
[ONETEST END]

[CHIPINFO]
SOFT_BIN: 1000
P_F     :P
TEST_TIME   :50.0s
TEST_START  :2020/02/02_03:30:01
DIEID_STR   : 8D40 612E 3E8B E8D0
DIEID_NAME   : DIE_8D40612E
DIEID_LOT   : AB0000
DIEID_WAFER : 2
DIEID_X   : 26
DIEID_Y : 19
[CHIP END]
