[BEGIN]
**************

CUSTOMER LOT ID     : AB0000AB1
TEST SITE    : 4

TEST STAGE   : MT2

Test FLOW   : M2+2

TEST START     : 2020/02/02_03:30:01
*********************

[ONETEST]
TEST_TXT : AAA_TEST
PATTERN : 
RESULT :0x1
P_F    :P
TEST_TIME : 15200
[ONETEST END]

[ONETEST]
TEST_TXT : BBB_TEST
PATTERN : 
RESULT :0x1
P_F    :P
TEST_TIME : 14800
[ONETEST END]

[CHIPINFO]
SOFT_BIN: 1000
P_F     :P
TEST_TIME   :54.5s
TEST_START  :2020/02/02_03:30:01
DIEID_STR   : 1ED6 32CE 6A63 6C0B
DIEID_NAME   : DIE_1ED632CE
DIEID_LOT   : AB0000
DIEID_WAFER : 23
DIEID_X   : 72
DIEID_Y : 36
DIEID_STR   : 1E29 32CE 6A63 6C0B
DIEID_NAME   : DIE_1E2932CE_ALT
DIEID_LOT   : AB0000
DIEID_WAFER : 5
DIEID_X   : 54
DIEID_Y : 85
[CHIP END]
