[BEGIN]
**************

CUSTOMER LOT ID     : AB0000AB1
TEST SITE    : 5

TEST STAGE   : MT2

Test FLOW   : M2+2

TEST START     : 2020/02/02_03:30:01
*********************

[ONETEST]
TEST_TXT : AAA_TEST
PATTERN : 
RESULT :0x1
P_F    :P
TEST_TIME : 15200
[ONETEST END]

[ONETEST]
TEST_TXT : BBB_TEST
PATTERN : 
RESULT :0x1
P_F    :P
TEST_TIME : 14800
[ONETEST END]

[CHIPINFO]
SOFT_BIN: 1000
P_F     :P
TEST_TIME   :31.3s
TEST_START  :2020/02/02_03:30:01
DIEID_STR   : 9AAF 65FF C4F6 F767
DIEID_NAME   : DIE_9AAF65FF
DIEID_LOT   : AB0000
DIEID_WAFER : 9
DIEID_X   : 58
DIEID_Y : 16
DIEID_STR   : 9A50 65FF C4F6 F767
DIEID_NAME   : DIE_9A5065FF_ALT
DIEID_LOT   : AB0000
DIEID_WAFER : 9
DIEID_X   : 83
DIEID_Y : 3
[CHIP END]
