[BEGIN]
**************

CUSTOMER LOT ID     : AB0000AB1
TEST SITE    : 3

TEST STAGE   : MT2

Test FLOW   : M2+2

TEST START     : 2020/02/02_03:30:01
*********************

[ONETEST]
TEST_TXT : AAA_TEST
PATTERN : 
RESULT :0x1
P_F    :P
TEST_TIME : 15200
[ONETEST END]

[ONETEST]
TEST_TXT : BBB_TEST
PATTERN : 
RESULT :0xFA2
P_F    :F
TEST_TIME : 14800
[ONETEST END]

[CHIPINFO]
SOFT_BIN: 1313
P_F     :F
TEST_TIME   :88.5s
TEST_START  :2020/02/02_03:30:01
DIEID_STR   : 90E5 3378 6363 97AD
DIEID_NAME   : DIE_90E53378
DIEID_LOT   : AB0000
DIEID_WAFER : 22
DIEID_X   : 96
DIEID_Y : 44
DIEID_STR   : 901A 3378 6363 97AD
DIEID_NAME   : DIE_901A3378_ALT
DIEID_LOT   : AB0000
DIEID_WAFER : 3
DIEID_X   : 27
DIEID_Y : 1
[CHIP END]
