[BEGIN]
**************

CUSTOMER LOT ID     : AB0000AB1
TEST SITE    : 4

TEST STAGE   : MT2

Test FLOW   : M2+2

TEST START     : 2020/02/02_03:30:01
*********************

[ONETEST]
TEST_TXT : AAA_TEST
PATTERN : 
RESULT :0x1
P_F    :P
TEST_TIME : 15200
[ONETEST END]

[ONETEST]
TEST_TXT : BBB_TEST
PATTERN : 
RESULT :0x1
P_F    :P
TEST_TIME : 14800
[ONETEST END]

[CHIPINFO]
SOFT_BIN: 1000
P_F     :P
TEST_TIME   :78.8s
TEST_START  :2020/02/02_03:30:01
DIEID_STR   : D113 AAA7 A461 358E
DIEID_NAME   : DIE_D113AAA7
DIEID_LOT   : AB0000
DIEID_WAFER : 23
DIEID_X   : 22
DIEID_Y : 17
DIEID_STR   : D1EC AAA7 A461 358E
DIEID_NAME   : DIE_D1ECAAA7_ALT
DIEID_LOT   : AB0000
DIEID_WAFER : 1
DIEID_X   : 0
DIEID_Y : 96
[CHIP END]
