[BEGIN]
**************

CUSTOMER LOT ID     : AB0000AB1
TEST SITE    : 4

TEST STAGE   : MT2

Test FLOW   : M2R2+2

TEST START     : 2020/02/02_13:45:01
*********************

[ONETEST]
TEST_TXT : AAA_TEST
PATTERN : 
RESULT :0x1
P_F    :P
TEST_TIME : 15200
[ONETEST END]

[ONETEST]
TEST_TXT : BBB_TEST
PATTERN : 
RESULT :0x1
P_F    :P
TEST_TIME : 14800
[ONETEST END]

[CHIPINFO]
SOFT_BIN: 1000
P_F     :P
TEST_TIME   :44.0s
TEST_START  :2020/02/02_13:45:01
DIEID_STR   : FD9B 12F4 40A3 A9FB
DIEID_NAME   : DIE_FD9B12F4
DIEID_LOT   : AB0000
DIEID_WAFER : 16
DIEID_X   : 90
DIEID_Y : 54
[CHIP END]
