[BEGIN]
**************

CUSTOMER LOT ID     : AB0000AB1
TEST SITE    : 5

TEST STAGE   : MT2

Test FLOW   : M2R2+2

TEST START     : 2020/02/02_13:45:01
*********************

[ONETEST]
TEST_TXT : AAA_TEST
PATTERN : 
RESULT :0x1
P_F    :P
TEST_TIME : 15200
[ONETEST END]

[ONETEST]
TEST_TXT : BBB_TEST
PATTERN : 
RESULT :0xFA0
P_F    :F
TEST_TIME : 14800
[ONETEST END]

[CHIPINFO]
SOFT_BIN: 1111
P_F     :F
TEST_TIME   :32.6s
TEST_START  :2020/02/02_13:45:01
DIEID_STR   : 3A94 6E17 DC32 E732
DIEID_NAME   : DIE_3A946E17
DIEID_LOT   : AB0000
DIEID_WAFER : 10
DIEID_X   : 59
DIEID_Y : 91
[CHIP END]
